2019-09-06 09:36:29,121 INFO o.a.j.u.JMeterUtils: Setting Locale to en_EN
2019-09-06 09:36:29,137 INFO o.a.j.JMeter: Loading user properties from: C:\Users\u721028\Downloads\jmeterxPy\jmeter\bin\user.properties
2019-09-06 09:36:29,137 INFO o.a.j.JMeter: Loading system properties from: C:\Users\u721028\Downloads\jmeterxPy\jmeter\bin\system.properties
2019-09-06 09:36:29,137 INFO o.a.j.JMeter: Copyright (c) 1998-2019 The Apache Software Foundation
2019-09-06 09:36:29,137 INFO o.a.j.JMeter: Version 5.1.1 r1855137
2019-09-06 09:36:29,137 INFO o.a.j.JMeter: java.version=1.8.0_221
2019-09-06 09:36:29,137 INFO o.a.j.JMeter: java.vm.name=Java HotSpot(TM) Client VM
2019-09-06 09:36:29,137 INFO o.a.j.JMeter: os.name=Windows 10
2019-09-06 09:36:29,137 INFO o.a.j.JMeter: os.arch=x86
2019-09-06 09:36:29,137 INFO o.a.j.JMeter: os.version=10.0
2019-09-06 09:36:29,137 INFO o.a.j.JMeter: file.encoding=Cp1252
2019-09-06 09:36:29,137 INFO o.a.j.JMeter: java.awt.headless=true
2019-09-06 09:36:29,137 INFO o.a.j.JMeter: Max memory     =1073741824
2019-09-06 09:36:29,137 INFO o.a.j.JMeter: Available Processors =4
2019-09-06 09:36:29,137 INFO o.a.j.JMeter: Default Locale=English (EN)
2019-09-06 09:36:29,153 INFO o.a.j.JMeter: JMeter  Locale=English (EN)
2019-09-06 09:36:29,153 INFO o.a.j.JMeter: JMeterHome=C:\Users\u721028\Downloads\jmeterxPy\jmeter
2019-09-06 09:36:29,153 INFO o.a.j.JMeter: user.dir  =C:\Users\u721028\Downloads\jmeterxPy
2019-09-06 09:36:29,153 INFO o.a.j.JMeter: PWD       =C:\Users\u721028\Downloads\jmeterxPy
2019-09-06 09:36:29,153 INFO o.a.j.JMeter: IP: 10.117.224.171 Name: MAN-L88YHNH2 FullName: MAN-L88YHNH2.misys.global.ad
2019-09-06 09:36:29,153 INFO o.a.j.s.FileServer: Default base='C:\Users\u721028\Downloads\jmeterxPy'
2019-09-06 09:36:29,153 INFO o.a.j.s.FileServer: Set new base='C:\Users\u721028\Downloads\jmeterxPy\test\scripts'
2019-09-06 09:36:29,294 INFO o.a.j.s.SaveService: Testplan (JMX) version: 2.2. Testlog (JTL) version: 2.2
2019-09-06 09:36:29,309 INFO o.a.j.s.SaveService: Using SaveService properties file encoding UTF-8
2019-09-06 09:36:29,309 INFO o.a.j.s.SaveService: Using SaveService properties version 5.0
2019-09-06 09:36:29,309 INFO o.a.j.s.SaveService: Loading file: C:\Users\u721028\Downloads\jmeterxPy\test\scripts\script1.jmx
2019-09-06 09:36:29,372 INFO o.a.j.p.h.s.HTTPSamplerBase: Parser for text/html is org.apache.jmeter.protocol.http.parser.LagartoBasedHtmlParser
2019-09-06 09:36:29,372 INFO o.a.j.p.h.s.HTTPSamplerBase: Parser for application/xhtml+xml is org.apache.jmeter.protocol.http.parser.LagartoBasedHtmlParser
2019-09-06 09:36:29,372 INFO o.a.j.p.h.s.HTTPSamplerBase: Parser for application/xml is org.apache.jmeter.protocol.http.parser.LagartoBasedHtmlParser
2019-09-06 09:36:29,372 INFO o.a.j.p.h.s.HTTPSamplerBase: Parser for text/xml is org.apache.jmeter.protocol.http.parser.LagartoBasedHtmlParser
2019-09-06 09:36:29,372 INFO o.a.j.p.h.s.HTTPSamplerBase: Parser for text/vnd.wap.wml is org.apache.jmeter.protocol.http.parser.RegexpHTMLParser
2019-09-06 09:36:29,372 INFO o.a.j.p.h.s.HTTPSamplerBase: Parser for text/css is org.apache.jmeter.protocol.http.parser.CssParser
2019-09-06 09:36:29,403 INFO o.a.j.JMeter: Creating summariser <summary>
2019-09-06 09:36:29,419 INFO o.a.j.e.StandardJMeterEngine: Running the test!
2019-09-06 09:36:29,419 INFO o.a.j.s.SampleEvent: List of sample_variables: []
2019-09-06 09:36:29,419 INFO o.a.j.s.SampleEvent: List of sample_variables: []
2019-09-06 09:36:29,419 INFO o.a.j.e.u.CompoundVariable: Note: Function class names must contain the string: '.functions.'
2019-09-06 09:36:29,419 INFO o.a.j.e.u.CompoundVariable: Note: Function class names must not contain the string: '.gui.'
2019-09-06 09:36:29,748 INFO o.a.j.JMeter: Running test (1567733789748)
2019-09-06 09:36:29,748 INFO o.a.j.e.StandardJMeterEngine: Starting setUp thread groups
2019-09-06 09:36:29,748 INFO o.a.j.e.StandardJMeterEngine: Starting setUp ThreadGroup: 1 : setUp Thread Group 
2019-09-06 09:36:29,748 INFO o.a.j.e.StandardJMeterEngine: Starting 1 threads for group setUp Thread Group.
2019-09-06 09:36:29,748 INFO o.a.j.e.StandardJMeterEngine: Thread will continue on error
2019-09-06 09:36:29,748 INFO o.a.j.t.ThreadGroup: Starting thread group... number=1 threads=1 ramp-up=1 delayedStart=false
2019-09-06 09:36:29,748 INFO o.a.j.t.ThreadGroup: Started thread group number 1
2019-09-06 09:36:29,748 INFO o.a.j.e.StandardJMeterEngine: Waiting for all setup thread groups to exit
2019-09-06 09:36:29,779 INFO o.a.j.t.JMeterThread: Thread started: setUp Thread Group 1-1
2019-09-06 09:36:29,779 INFO o.a.j.s.FileServer: Stored: C:\Users\ccelemin\Desktop\MA PERFTEST NOV\DATA\CUSD_TestData1_rw2.csv
2019-09-06 09:36:29,779 ERROR o.a.j.t.JMeterThread: Test failed!
java.lang.IllegalArgumentException: Could not read file header line for file C:\Users\ccelemin\Desktop\MA PERFTEST NOV\DATA\CUSD_TestData1_rw2.csv
	at org.apache.jmeter.services.FileServer.reserveFile(FileServer.java:283) ~[ApacheJMeter_core.jar:5.1.1 r1855137]
	at org.apache.jmeter.config.CSVDataSet.iterationStart(CSVDataSet.java:191) ~[ApacheJMeter_components.jar:5.1.1 r1855137]
	at org.apache.jmeter.control.GenericController.fireIterationStart(GenericController.java:399) ~[ApacheJMeter_core.jar:5.1.1 r1855137]
	at org.apache.jmeter.control.GenericController.fireIterEvents(GenericController.java:391) ~[ApacheJMeter_core.jar:5.1.1 r1855137]
	at org.apache.jmeter.control.GenericController.next(GenericController.java:160) ~[ApacheJMeter_core.jar:5.1.1 r1855137]
	at org.apache.jmeter.control.LoopController.next(LoopController.java:135) ~[ApacheJMeter_core.jar:5.1.1 r1855137]
	at org.apache.jmeter.threads.AbstractThreadGroup.next(AbstractThreadGroup.java:87) ~[ApacheJMeter_core.jar:5.1.1 r1855137]
	at org.apache.jmeter.threads.JMeterThread.run(JMeterThread.java:251) [ApacheJMeter_core.jar:5.1.1 r1855137]
	at java.lang.Thread.run(Unknown Source) [?:1.8.0_221]
Caused by: java.lang.IllegalArgumentException: File CUSD_TestData1_rw2.csv must exist and be readable
	at org.apache.jmeter.services.FileServer.createBufferedReader(FileServer.java:424) ~[ApacheJMeter_core.jar:5.1.1 r1855137]
	at org.apache.jmeter.services.FileServer.readLine(FileServer.java:340) ~[ApacheJMeter_core.jar:5.1.1 r1855137]
	at org.apache.jmeter.services.FileServer.readLine(FileServer.java:324) ~[ApacheJMeter_core.jar:5.1.1 r1855137]
	at org.apache.jmeter.services.FileServer.reserveFile(FileServer.java:272) ~[ApacheJMeter_core.jar:5.1.1 r1855137]
	... 8 more
2019-09-06 09:36:29,779 INFO o.a.j.t.JMeterThread: Thread finished: setUp Thread Group 1-1
2019-09-06 09:36:29,779 INFO o.a.j.e.StandardJMeterEngine: All Setup Threads have ended
2019-09-06 09:36:29,810 INFO o.a.j.e.StandardJMeterEngine: Starting ThreadGroup: 1 : Number of Users
2019-09-06 09:36:29,810 INFO o.a.j.e.StandardJMeterEngine: Starting 1 threads for group Number of Users.
2019-09-06 09:36:29,810 INFO o.a.j.e.StandardJMeterEngine: Test will stop on error
2019-09-06 09:36:29,810 INFO o.a.j.t.ThreadGroup: Starting thread group... number=1 threads=1 ramp-up=0 delayedStart=false
2019-09-06 09:36:29,810 INFO o.a.j.t.ThreadGroup: Started thread group number 1
2019-09-06 09:36:29,810 INFO o.a.j.e.StandardJMeterEngine: All thread groups have been started
2019-09-06 09:36:29,810 INFO o.a.j.t.JMeterThread: Thread started: Number of Users 1-1
2019-09-06 09:36:29,810 ERROR o.a.j.t.JMeterThread: Test failed!
java.lang.IllegalArgumentException: Could not read file header line for file C:\Users\ccelemin\Desktop\MA PERFTEST NOV\DATA\CUSD_TestData1_rw2.csv
	at org.apache.jmeter.services.FileServer.reserveFile(FileServer.java:283) ~[ApacheJMeter_core.jar:5.1.1 r1855137]
	at org.apache.jmeter.config.CSVDataSet.iterationStart(CSVDataSet.java:191) ~[ApacheJMeter_components.jar:5.1.1 r1855137]
	at org.apache.jmeter.control.GenericController.fireIterationStart(GenericController.java:399) ~[ApacheJMeter_core.jar:5.1.1 r1855137]
	at org.apache.jmeter.control.GenericController.fireIterEvents(GenericController.java:391) ~[ApacheJMeter_core.jar:5.1.1 r1855137]
	at org.apache.jmeter.control.GenericController.next(GenericController.java:160) ~[ApacheJMeter_core.jar:5.1.1 r1855137]
	at org.apache.jmeter.control.LoopController.next(LoopController.java:135) ~[ApacheJMeter_core.jar:5.1.1 r1855137]
	at org.apache.jmeter.threads.AbstractThreadGroup.next(AbstractThreadGroup.java:87) ~[ApacheJMeter_core.jar:5.1.1 r1855137]
	at org.apache.jmeter.threads.JMeterThread.run(JMeterThread.java:251) [ApacheJMeter_core.jar:5.1.1 r1855137]
	at java.lang.Thread.run(Unknown Source) [?:1.8.0_221]
Caused by: java.lang.IllegalArgumentException: File CUSD_TestData1_rw2.csv must exist and be readable
	at org.apache.jmeter.services.FileServer.createBufferedReader(FileServer.java:424) ~[ApacheJMeter_core.jar:5.1.1 r1855137]
	at org.apache.jmeter.services.FileServer.readLine(FileServer.java:340) ~[ApacheJMeter_core.jar:5.1.1 r1855137]
	at org.apache.jmeter.services.FileServer.readLine(FileServer.java:324) ~[ApacheJMeter_core.jar:5.1.1 r1855137]
	at org.apache.jmeter.services.FileServer.reserveFile(FileServer.java:272) ~[ApacheJMeter_core.jar:5.1.1 r1855137]
	... 8 more
2019-09-06 09:36:29,810 INFO o.a.j.t.JMeterThread: Thread finished: Number of Users 1-1
2019-09-06 09:36:29,810 INFO o.a.j.e.StandardJMeterEngine: Notifying test listeners of end of test
2019-09-06 09:36:29,810 INFO o.a.j.r.Summariser: summary =      0 in 00:00:00 = ******/s Avg:     0 Min: 9223372036854775807 Max: -9223372036854775808 Err:     0 (0.00%)
