2019-09-05 15:18:10,207 INFO o.a.j.u.JMeterUtils: Setting Locale to en_US
2019-09-05 15:18:10,231 INFO o.a.j.JMeter: Loading user properties from: user.properties
2019-09-05 15:18:10,235 INFO o.a.j.JMeter: Loading system properties from: system.properties
2019-09-05 15:18:10,243 INFO o.a.j.JMeter: Copyright (c) 1998-2019 The Apache Software Foundation
2019-09-05 15:18:10,243 INFO o.a.j.JMeter: Version 5.1.1 r1855137
2019-09-05 15:18:10,243 INFO o.a.j.JMeter: java.version=1.8.0_221
2019-09-05 15:18:10,243 INFO o.a.j.JMeter: java.vm.name=Java HotSpot(TM) Client VM
2019-09-05 15:18:10,243 INFO o.a.j.JMeter: os.name=Windows 10
2019-09-05 15:18:10,243 INFO o.a.j.JMeter: os.arch=x86
2019-09-05 15:18:10,243 INFO o.a.j.JMeter: os.version=10.0
2019-09-05 15:18:10,243 INFO o.a.j.JMeter: file.encoding=Cp1252
2019-09-05 15:18:10,243 INFO o.a.j.JMeter: java.awt.headless=null
2019-09-05 15:18:10,243 INFO o.a.j.JMeter: Max memory     =259522560
2019-09-05 15:18:10,243 INFO o.a.j.JMeter: Available Processors =4
2019-09-05 15:18:10,255 INFO o.a.j.JMeter: Default Locale=English (United States)
2019-09-05 15:18:10,255 INFO o.a.j.JMeter: JMeter  Locale=English (United States)
2019-09-05 15:18:10,255 INFO o.a.j.JMeter: JMeterHome=C:\Users\u721028\Downloads\apache-jmeter-5.1.1\apache-jmeter-5.1.1
2019-09-05 15:18:10,255 INFO o.a.j.JMeter: user.dir  =C:\Users\u721028\Downloads\apache-jmeter-5.1.1\apache-jmeter-5.1.1\bin
2019-09-05 15:18:10,255 INFO o.a.j.JMeter: PWD       =C:\Users\u721028\Downloads\apache-jmeter-5.1.1\apache-jmeter-5.1.1\bin
2019-09-05 15:18:10,259 INFO o.a.j.JMeter: IP: 10.117.224.171 Name: MAN-L88YHNH2 FullName: MAN-L88YHNH2.misys.global.ad
2019-09-05 15:18:10,482 INFO o.a.j.g.a.LookAndFeelCommand: Installing Darcula LAF
2019-09-05 15:18:10,506 INFO o.a.j.g.a.LookAndFeelCommand: Using look and feel: com.bulenkov.darcula.DarculaLaf [Darcula]
2019-09-05 15:18:10,506 INFO o.a.j.JMeter: Setting LAF to: com.bulenkov.darcula.DarculaLaf
2019-09-05 15:18:10,590 INFO o.a.j.JMeter: Loaded icon properties from org/apache/jmeter/images/icon.properties
2019-09-05 15:18:12,360 INFO o.a.j.p.h.s.HTTPSamplerBase: Parser for text/html is org.apache.jmeter.protocol.http.parser.LagartoBasedHtmlParser
2019-09-05 15:18:12,360 INFO o.a.j.p.h.s.HTTPSamplerBase: Parser for application/xhtml+xml is org.apache.jmeter.protocol.http.parser.LagartoBasedHtmlParser
2019-09-05 15:18:12,360 INFO o.a.j.p.h.s.HTTPSamplerBase: Parser for application/xml is org.apache.jmeter.protocol.http.parser.LagartoBasedHtmlParser
2019-09-05 15:18:12,360 INFO o.a.j.p.h.s.HTTPSamplerBase: Parser for text/xml is org.apache.jmeter.protocol.http.parser.LagartoBasedHtmlParser
2019-09-05 15:18:12,360 INFO o.a.j.p.h.s.HTTPSamplerBase: Parser for text/vnd.wap.wml is org.apache.jmeter.protocol.http.parser.RegexpHTMLParser
2019-09-05 15:18:12,360 INFO o.a.j.p.h.s.HTTPSamplerBase: Parser for text/css is org.apache.jmeter.protocol.http.parser.CssParser
2019-09-05 15:18:13,237 INFO o.a.j.e.KeyToolUtils: keytool found at 'keytool'
2019-09-05 15:18:13,237 INFO o.a.j.p.h.p.ProxyControl: HTTP(S) Test Script Recorder SSL Proxy will use keys that support embedded 3rd party resources in file C:\Users\u721028\Downloads\apache-jmeter-5.1.1\apache-jmeter-5.1.1\bin\proxyserver.jks
2019-09-05 15:18:13,417 INFO o.a.j.s.FileServer: Default base='C:\Users\u721028\Downloads\apache-jmeter-5.1.1\apache-jmeter-5.1.1\bin'
2019-09-05 15:18:14,220 INFO o.a.j.s.SampleResult: Note: Sample TimeStamps are START times
2019-09-05 15:18:14,220 INFO o.a.j.s.SampleResult: sampleresult.default.encoding is set to ISO-8859-1
2019-09-05 15:18:14,224 INFO o.a.j.s.SampleResult: sampleresult.useNanoTime=true
2019-09-05 15:18:14,224 INFO o.a.j.s.SampleResult: sampleresult.nanoThreadSleep=5000
